2019-11-26 18:59:23,137 (61482/MainThread) pgcli.main INFO - Default pager found in PAGER environment variable: "less"
2019-11-26 18:59:23,138 (61482/MainThread) pgcli.main WARNING - import keyring failed: ModuleNotFoundError("No module named 'keyring'").
2019-11-26 18:59:23,195 (61482/MainThread) pgcli.main ERROR - traceback: 'Traceback (most recent call last):\n  File "/usr/local/Cellar/pgcli/2.1.1_2/libexec/lib/python3.7/site-packages/pgcli/main.py", line 569, in connect\n    raise e\n  File "/usr/local/Cellar/pgcli/2.1.1_2/libexec/lib/python3.7/site-packages/pgcli/main.py", line 556, in connect\n    pgexecute = PGExecute(database, user, passwd, host, port, dsn, **kwargs)\n  File "/usr/local/Cellar/pgcli/2.1.1_2/libexec/lib/python3.7/site-packages/pgcli/pgexecute.py", line 215, in __init__\n    self.connect(database, user, password, host, port, dsn, **kwargs)\n  File "/usr/local/Cellar/pgcli/2.1.1_2/libexec/lib/python3.7/site-packages/pgcli/pgexecute.py", line 267, in connect\n    conn = psycopg2.connect(**conn_params)\n  File "/usr/local/Cellar/pgcli/2.1.1_2/libexec/lib/python3.7/site-packages/psycopg2/__init__.py", line 126, in connect\n    conn = _connect(dsn, connection_factory=connection_factory, **kwasync)\n  File "/usr/local/Cellar/pgcli/2.1.1_2/libexec/lib/python3.7/site-packages/pgcli/pgexecute.py", line 40, in _wait_select\n    state = conn.poll()\npsycopg2.OperationalError: FATAL:  role "test" does not exist\n\n'
2019-11-26 19:00:00,768 (62251/MainThread) pgcli.main INFO - Default pager found in PAGER environment variable: "less"
2019-11-26 19:00:00,769 (62251/MainThread) pgcli.main WARNING - import keyring failed: ModuleNotFoundError("No module named 'keyring'").
2019-11-26 19:00:00,844 (62251/MainThread) pgcli.main ERROR - traceback: 'Traceback (most recent call last):\n  File "/usr/local/Cellar/pgcli/2.1.1_2/libexec/lib/python3.7/site-packages/pgcli/main.py", line 569, in connect\n    raise e\n  File "/usr/local/Cellar/pgcli/2.1.1_2/libexec/lib/python3.7/site-packages/pgcli/main.py", line 556, in connect\n    pgexecute = PGExecute(database, user, passwd, host, port, dsn, **kwargs)\n  File "/usr/local/Cellar/pgcli/2.1.1_2/libexec/lib/python3.7/site-packages/pgcli/pgexecute.py", line 215, in __init__\n    self.connect(database, user, password, host, port, dsn, **kwargs)\n  File "/usr/local/Cellar/pgcli/2.1.1_2/libexec/lib/python3.7/site-packages/pgcli/pgexecute.py", line 267, in connect\n    conn = psycopg2.connect(**conn_params)\n  File "/usr/local/Cellar/pgcli/2.1.1_2/libexec/lib/python3.7/site-packages/psycopg2/__init__.py", line 126, in connect\n    conn = _connect(dsn, connection_factory=connection_factory, **kwasync)\n  File "/usr/local/Cellar/pgcli/2.1.1_2/libexec/lib/python3.7/site-packages/pgcli/pgexecute.py", line 40, in _wait_select\n    state = conn.poll()\npsycopg2.OperationalError: FATAL:  role "test" does not exist\n\n'
2019-11-26 19:00:06,841 (62292/MainThread) pgcli.main INFO - Default pager found in PAGER environment variable: "less"
2019-11-26 19:00:06,841 (62292/MainThread) pgcli.main WARNING - import keyring failed: ModuleNotFoundError("No module named 'keyring'").
2019-11-26 19:00:06,848 (62292/MainThread) pgcli.main ERROR - traceback: 'Traceback (most recent call last):\n  File "/usr/local/Cellar/pgcli/2.1.1_2/libexec/lib/python3.7/site-packages/pgcli/main.py", line 569, in connect\n    raise e\n  File "/usr/local/Cellar/pgcli/2.1.1_2/libexec/lib/python3.7/site-packages/pgcli/main.py", line 556, in connect\n    pgexecute = PGExecute(database, user, passwd, host, port, dsn, **kwargs)\n  File "/usr/local/Cellar/pgcli/2.1.1_2/libexec/lib/python3.7/site-packages/pgcli/pgexecute.py", line 215, in __init__\n    self.connect(database, user, password, host, port, dsn, **kwargs)\n  File "/usr/local/Cellar/pgcli/2.1.1_2/libexec/lib/python3.7/site-packages/pgcli/pgexecute.py", line 267, in connect\n    conn = psycopg2.connect(**conn_params)\n  File "/usr/local/Cellar/pgcli/2.1.1_2/libexec/lib/python3.7/site-packages/psycopg2/__init__.py", line 126, in connect\n    conn = _connect(dsn, connection_factory=connection_factory, **kwasync)\n  File "/usr/local/Cellar/pgcli/2.1.1_2/libexec/lib/python3.7/site-packages/pgcli/pgexecute.py", line 40, in _wait_select\n    state = conn.poll()\npsycopg2.OperationalError: FATAL:  database "jth" does not exist\n\n'
2019-11-26 19:00:23,848 (62485/MainThread) pgcli.main INFO - Default pager found in PAGER environment variable: "less"
2019-11-26 19:00:23,849 (62485/MainThread) pgcli.main WARNING - import keyring failed: ModuleNotFoundError("No module named 'keyring'").
2019-11-26 19:00:23,904 (62485/MainThread) pgcli.main ERROR - traceback: 'Traceback (most recent call last):\n  File "/usr/local/Cellar/pgcli/2.1.1_2/libexec/lib/python3.7/site-packages/pgcli/main.py", line 569, in connect\n    raise e\n  File "/usr/local/Cellar/pgcli/2.1.1_2/libexec/lib/python3.7/site-packages/pgcli/main.py", line 556, in connect\n    pgexecute = PGExecute(database, user, passwd, host, port, dsn, **kwargs)\n  File "/usr/local/Cellar/pgcli/2.1.1_2/libexec/lib/python3.7/site-packages/pgcli/pgexecute.py", line 215, in __init__\n    self.connect(database, user, password, host, port, dsn, **kwargs)\n  File "/usr/local/Cellar/pgcli/2.1.1_2/libexec/lib/python3.7/site-packages/pgcli/pgexecute.py", line 267, in connect\n    conn = psycopg2.connect(**conn_params)\n  File "/usr/local/Cellar/pgcli/2.1.1_2/libexec/lib/python3.7/site-packages/psycopg2/__init__.py", line 126, in connect\n    conn = _connect(dsn, connection_factory=connection_factory, **kwasync)\n  File "/usr/local/Cellar/pgcli/2.1.1_2/libexec/lib/python3.7/site-packages/pgcli/pgexecute.py", line 40, in _wait_select\n    state = conn.poll()\npsycopg2.OperationalError: FATAL:  role "test" does not exist\n\n'
2019-11-26 19:05:13,047 (64587/MainThread) pgcli.main INFO - Default pager found in PAGER environment variable: "less"
2019-11-26 19:05:13,048 (64587/MainThread) pgcli.main WARNING - import keyring failed: ModuleNotFoundError("No module named 'keyring'").
2019-11-26 19:05:13,061 (64587/MainThread) pgcli.main ERROR - traceback: 'Traceback (most recent call last):\n  File "/usr/local/Cellar/pgcli/2.1.1_2/libexec/lib/python3.7/site-packages/pgcli/main.py", line 569, in connect\n    raise e\n  File "/usr/local/Cellar/pgcli/2.1.1_2/libexec/lib/python3.7/site-packages/pgcli/main.py", line 556, in connect\n    pgexecute = PGExecute(database, user, passwd, host, port, dsn, **kwargs)\n  File "/usr/local/Cellar/pgcli/2.1.1_2/libexec/lib/python3.7/site-packages/pgcli/pgexecute.py", line 215, in __init__\n    self.connect(database, user, password, host, port, dsn, **kwargs)\n  File "/usr/local/Cellar/pgcli/2.1.1_2/libexec/lib/python3.7/site-packages/pgcli/pgexecute.py", line 267, in connect\n    conn = psycopg2.connect(**conn_params)\n  File "/usr/local/Cellar/pgcli/2.1.1_2/libexec/lib/python3.7/site-packages/psycopg2/__init__.py", line 126, in connect\n    conn = _connect(dsn, connection_factory=connection_factory, **kwasync)\npsycopg2.OperationalError: could not connect to server: Connection refused\n\tIs the server running locally and accepting\n\tconnections on Unix domain socket "/tmp/.s.PGSQL.5432"?\n\n'
2019-11-26 19:05:28,137 (64823/MainThread) pgcli.main INFO - Default pager found in PAGER environment variable: "less"
2019-11-26 19:05:28,138 (64823/MainThread) pgcli.main WARNING - import keyring failed: ModuleNotFoundError("No module named 'keyring'").
2019-11-26 19:21:01,483 (66715/MainThread) pgcli.main INFO - Default pager found in PAGER environment variable: "less"
2019-11-26 19:21:01,487 (66715/MainThread) pgcli.main WARNING - import keyring failed: ModuleNotFoundError("No module named 'keyring'").
2019-11-26 19:21:01,504 (66715/MainThread) pgcli.main ERROR - traceback: 'Traceback (most recent call last):\n  File "/usr/local/Cellar/pgcli/2.1.1_2/libexec/lib/python3.7/site-packages/pgcli/main.py", line 569, in connect\n    raise e\n  File "/usr/local/Cellar/pgcli/2.1.1_2/libexec/lib/python3.7/site-packages/pgcli/main.py", line 556, in connect\n    pgexecute = PGExecute(database, user, passwd, host, port, dsn, **kwargs)\n  File "/usr/local/Cellar/pgcli/2.1.1_2/libexec/lib/python3.7/site-packages/pgcli/pgexecute.py", line 215, in __init__\n    self.connect(database, user, password, host, port, dsn, **kwargs)\n  File "/usr/local/Cellar/pgcli/2.1.1_2/libexec/lib/python3.7/site-packages/pgcli/pgexecute.py", line 267, in connect\n    conn = psycopg2.connect(**conn_params)\n  File "/usr/local/Cellar/pgcli/2.1.1_2/libexec/lib/python3.7/site-packages/psycopg2/__init__.py", line 126, in connect\n    conn = _connect(dsn, connection_factory=connection_factory, **kwasync)\npsycopg2.OperationalError: could not connect to server: Connection refused\n\tIs the server running locally and accepting\n\tconnections on Unix domain socket "/tmp/.s.PGSQL.5432"?\n\n'
2019-11-26 19:21:04,297 (66840/MainThread) pgcli.main INFO - Default pager found in PAGER environment variable: "less"
2019-11-26 19:21:04,299 (66840/MainThread) pgcli.main WARNING - import keyring failed: ModuleNotFoundError("No module named 'keyring'").
2019-11-26 19:21:04,311 (66840/MainThread) pgcli.main ERROR - traceback: 'Traceback (most recent call last):\n  File "/usr/local/Cellar/pgcli/2.1.1_2/libexec/lib/python3.7/site-packages/pgcli/main.py", line 569, in connect\n    raise e\n  File "/usr/local/Cellar/pgcli/2.1.1_2/libexec/lib/python3.7/site-packages/pgcli/main.py", line 556, in connect\n    pgexecute = PGExecute(database, user, passwd, host, port, dsn, **kwargs)\n  File "/usr/local/Cellar/pgcli/2.1.1_2/libexec/lib/python3.7/site-packages/pgcli/pgexecute.py", line 215, in __init__\n    self.connect(database, user, password, host, port, dsn, **kwargs)\n  File "/usr/local/Cellar/pgcli/2.1.1_2/libexec/lib/python3.7/site-packages/pgcli/pgexecute.py", line 267, in connect\n    conn = psycopg2.connect(**conn_params)\n  File "/usr/local/Cellar/pgcli/2.1.1_2/libexec/lib/python3.7/site-packages/psycopg2/__init__.py", line 126, in connect\n    conn = _connect(dsn, connection_factory=connection_factory, **kwasync)\npsycopg2.OperationalError: could not connect to server: Connection refused\n\tIs the server running locally and accepting\n\tconnections on Unix domain socket "/tmp/.s.PGSQL.5432"?\n\n'
2019-11-26 19:21:13,605 (66964/MainThread) pgcli.main INFO - Default pager found in PAGER environment variable: "less"
2019-11-26 19:21:13,609 (66964/MainThread) pgcli.main WARNING - import keyring failed: ModuleNotFoundError("No module named 'keyring'").
2019-11-26 19:24:00,868 (67347/MainThread) pgcli.main INFO - Default pager found in PAGER environment variable: "less"
2019-11-26 19:24:00,870 (67347/MainThread) pgcli.main WARNING - import keyring failed: ModuleNotFoundError("No module named 'keyring'").
2019-12-20 10:27:39,769 (39740/MainThread) pgcli.main INFO - Default pager found in PAGER environment variable: "less"
2019-12-20 10:27:39,770 (39740/MainThread) pgcli.main WARNING - import keyring failed: ModuleNotFoundError("No module named 'keyring'").
2019-12-20 10:27:40,034 (39740/MainThread) pgcli.main ERROR - traceback: 'Traceback (most recent call last):\n  File "/usr/local/Cellar/pgcli/2.1.1_2/libexec/lib/python3.7/site-packages/pgcli/main.py", line 569, in connect\n    raise e\n  File "/usr/local/Cellar/pgcli/2.1.1_2/libexec/lib/python3.7/site-packages/pgcli/main.py", line 556, in connect\n    pgexecute = PGExecute(database, user, passwd, host, port, dsn, **kwargs)\n  File "/usr/local/Cellar/pgcli/2.1.1_2/libexec/lib/python3.7/site-packages/pgcli/pgexecute.py", line 215, in __init__\n    self.connect(database, user, password, host, port, dsn, **kwargs)\n  File "/usr/local/Cellar/pgcli/2.1.1_2/libexec/lib/python3.7/site-packages/pgcli/pgexecute.py", line 267, in connect\n    conn = psycopg2.connect(**conn_params)\n  File "/usr/local/Cellar/pgcli/2.1.1_2/libexec/lib/python3.7/site-packages/psycopg2/__init__.py", line 126, in connect\n    conn = _connect(dsn, connection_factory=connection_factory, **kwasync)\n  File "/usr/local/Cellar/pgcli/2.1.1_2/libexec/lib/python3.7/site-packages/pgcli/pgexecute.py", line 40, in _wait_select\n    state = conn.poll()\npsycopg2.OperationalError: FATAL:  role "test" does not exist\n\n'
2019-12-20 16:15:56,209 (55610/MainThread) pgcli.main INFO - Default pager found in PAGER environment variable: "less"
2019-12-20 16:15:56,211 (55610/MainThread) pgcli.main WARNING - import keyring failed: ModuleNotFoundError("No module named 'keyring'").
2019-12-20 16:16:11,736 (55610/MainThread) pgcli.main ERROR - traceback: 'Traceback (most recent call last):\n  File "/usr/local/Cellar/pgcli/2.1.1_2/libexec/lib/python3.7/site-packages/pgcli/main.py", line 556, in connect\n    pgexecute = PGExecute(database, user, passwd, host, port, dsn, **kwargs)\n  File "/usr/local/Cellar/pgcli/2.1.1_2/libexec/lib/python3.7/site-packages/pgcli/pgexecute.py", line 215, in __init__\n    self.connect(database, user, password, host, port, dsn, **kwargs)\n  File "/usr/local/Cellar/pgcli/2.1.1_2/libexec/lib/python3.7/site-packages/pgcli/pgexecute.py", line 267, in connect\n    conn = psycopg2.connect(**conn_params)\n  File "/usr/local/Cellar/pgcli/2.1.1_2/libexec/lib/python3.7/site-packages/psycopg2/__init__.py", line 126, in connect\n    conn = _connect(dsn, connection_factory=connection_factory, **kwasync)\n  File "/usr/local/Cellar/pgcli/2.1.1_2/libexec/lib/python3.7/site-packages/pgcli/pgexecute.py", line 40, in _wait_select\n    state = conn.poll()\npsycopg2.OperationalError: fe_sendauth: no password supplied\n\n\nDuring handling of the above exception, another exception occurred:\n\nTraceback (most recent call last):\n  File "/usr/local/Cellar/pgcli/2.1.1_2/libexec/lib/python3.7/site-packages/pgcli/main.py", line 566, in connect\n    database, user, passwd, host, port, dsn, **kwargs\n  File "/usr/local/Cellar/pgcli/2.1.1_2/libexec/lib/python3.7/site-packages/pgcli/pgexecute.py", line 215, in __init__\n    self.connect(database, user, password, host, port, dsn, **kwargs)\n  File "/usr/local/Cellar/pgcli/2.1.1_2/libexec/lib/python3.7/site-packages/pgcli/pgexecute.py", line 267, in connect\n    conn = psycopg2.connect(**conn_params)\n  File "/usr/local/Cellar/pgcli/2.1.1_2/libexec/lib/python3.7/site-packages/psycopg2/__init__.py", line 126, in connect\n    conn = _connect(dsn, connection_factory=connection_factory, **kwasync)\n  File "/usr/local/Cellar/pgcli/2.1.1_2/libexec/lib/python3.7/site-packages/pgcli/pgexecute.py", line 40, in _wait_select\n    state = conn.poll()\npsycopg2.OperationalError: FATAL:  database "bname" does not exist\n\n'
2019-12-20 16:16:26,004 (55742/MainThread) pgcli.main INFO - Default pager found in PAGER environment variable: "less"
2019-12-20 16:16:26,016 (55742/MainThread) pgcli.main WARNING - import keyring failed: ModuleNotFoundError("No module named 'keyring'").
2019-12-20 16:17:30,594 (55742/MainThread) pgcli.pgexecute ERROR - sql: 'select *', error: SyntaxError('SELECT * with no tables specified is not valid\nLINE 1: select *\n               ^\n')
2019-12-20 16:17:30,597 (55742/MainThread) pgcli.pgexecute ERROR - traceback: 'Traceback (most recent call last):\n  File "/usr/local/Cellar/pgcli/2.1.1_2/libexec/lib/python3.7/site-packages/pgcli/pgexecute.py", line 402, in run\n    yield self.execute_normal_sql(sql) + (sql, True, False)\n  File "/usr/local/Cellar/pgcli/2.1.1_2/libexec/lib/python3.7/site-packages/pgcli/pgexecute.py", line 433, in execute_normal_sql\n    cur.execute(split_sql)\npsycopg2.errors.SyntaxError: SELECT * with no tables specified is not valid\nLINE 1: select *\n               ^\n\n'
2019-12-20 16:28:30,219 (56734/MainThread) pgcli.main INFO - Default pager found in PAGER environment variable: "less"
2019-12-20 16:28:30,219 (56734/MainThread) pgcli.main WARNING - import keyring failed: ModuleNotFoundError("No module named 'keyring'").
2019-12-20 16:28:36,225 (56734/MainThread) pgcli.main ERROR - traceback: 'Traceback (most recent call last):\n  File "/usr/local/Cellar/pgcli/2.1.1_2/libexec/lib/python3.7/site-packages/pgcli/main.py", line 556, in connect\n    pgexecute = PGExecute(database, user, passwd, host, port, dsn, **kwargs)\n  File "/usr/local/Cellar/pgcli/2.1.1_2/libexec/lib/python3.7/site-packages/pgcli/pgexecute.py", line 215, in __init__\n    self.connect(database, user, password, host, port, dsn, **kwargs)\n  File "/usr/local/Cellar/pgcli/2.1.1_2/libexec/lib/python3.7/site-packages/pgcli/pgexecute.py", line 267, in connect\n    conn = psycopg2.connect(**conn_params)\n  File "/usr/local/Cellar/pgcli/2.1.1_2/libexec/lib/python3.7/site-packages/psycopg2/__init__.py", line 126, in connect\n    conn = _connect(dsn, connection_factory=connection_factory, **kwasync)\n  File "/usr/local/Cellar/pgcli/2.1.1_2/libexec/lib/python3.7/site-packages/pgcli/pgexecute.py", line 40, in _wait_select\n    state = conn.poll()\npsycopg2.OperationalError: fe_sendauth: no password supplied\n\n\nDuring handling of the above exception, another exception occurred:\n\nTraceback (most recent call last):\n  File "/usr/local/Cellar/pgcli/2.1.1_2/libexec/lib/python3.7/site-packages/pgcli/main.py", line 566, in connect\n    database, user, passwd, host, port, dsn, **kwargs\n  File "/usr/local/Cellar/pgcli/2.1.1_2/libexec/lib/python3.7/site-packages/pgcli/pgexecute.py", line 215, in __init__\n    self.connect(database, user, password, host, port, dsn, **kwargs)\n  File "/usr/local/Cellar/pgcli/2.1.1_2/libexec/lib/python3.7/site-packages/pgcli/pgexecute.py", line 267, in connect\n    conn = psycopg2.connect(**conn_params)\n  File "/usr/local/Cellar/pgcli/2.1.1_2/libexec/lib/python3.7/site-packages/psycopg2/__init__.py", line 126, in connect\n    conn = _connect(dsn, connection_factory=connection_factory, **kwasync)\n  File "/usr/local/Cellar/pgcli/2.1.1_2/libexec/lib/python3.7/site-packages/pgcli/pgexecute.py", line 40, in _wait_select\n    state = conn.poll()\npsycopg2.OperationalError: FATAL:  password authentication failed for user "read"\nFATAL:  no pg_hba.conf entry for host "63.119.220.66", user "read", database "d7rn1590oohv3u", SSL off\n\n'
2020-01-21 17:17:24,873 (78333/MainThread) pgcli.main INFO - Default pager found in PAGER environment variable: "less"
2020-01-21 17:17:24,874 (78333/MainThread) pgcli.main WARNING - import keyring failed: ModuleNotFoundError("No module named 'keyring'").
2020-01-21 17:21:10,561 (78781/MainThread) pgcli.main INFO - Default pager found in PAGER environment variable: "less"
2020-01-21 17:21:10,562 (78781/MainThread) pgcli.main WARNING - import keyring failed: ModuleNotFoundError("No module named 'keyring'").
